# JRE version: OpenJDK Runtime Environment (8.0_152-b01) (build 1.8.0_152-release-1343-b01)
# Java VM: OpenJDK 64-Bit Server VM (25.152-b01 mixed mode windows-amd64 compressed oops)
Heap:
 PSYoungGen      total 61952K, used 41514K [0x00000000f5580000, 0x00000000fac80000, 0x0000000100000000)
  eden space 54272K, 63% used [0x00000000f5580000,0x00000000f7700fd0,0x00000000f8a80000)
  from space 7680K, 93% used [0x00000000f8b80000,0x00000000f9289918,0x00000000f9300000)
  to   space 17408K, 0% used [0x00000000f9b80000,0x00000000f9b80000,0x00000000fac80000)
 ParOldGen       total 96768K, used 32563K [0x00000000e0000000, 0x00000000e5e80000, 0x00000000f5580000)
  object space 96768K, 33% used [0x00000000e0000000,0x00000000e1fccd08,0x00000000e5e80000)
 Metaspace       used 59878K, capacity 61768K, committed 61912K, reserved 1103872K
  class space    used 8013K, capacity 8440K, committed 8448K, reserved 1048576K
GC Heap History (10 events):
Event: 42.448 GC heap before
{Heap before GC invocations=12 (full 2):
 PSYoungGen      total 69632K, used 69518K [0x00000000f5580000, 0x00000000faa80000, 0x0000000100000000)
  eden space 58368K, 100% used [0x00000000f5580000,0x00000000f8e80000,0x00000000f8e80000)
  from space 11264K, 98% used [0x00000000f8f80000,0x00000000f9a63888,0x00000000f9a80000)
  to   space 14336K, 0% used [0x00000000f9c80000,0x00000000f9c80000,0x00000000faa80000)
 ParOldGen       total 85504K, used 20372K [0x00000000e0000000, 0x00000000e5380000, 0x00000000f5580000)
  object space 85504K, 23% used [0x00000000e0000000,0x00000000e13e5068,0x00000000e5380000)
 Metaspace       used 51215K, capacity 52374K, committed 52696K, reserved 1095680K
  class space    used 6813K, capacity 7116K, committed 7168K, reserved 1048576K
Event: 42.455 GC heap after
Heap after GC invocations=12 (full 2):
 PSYoungGen      total 70656K, used 11344K [0x00000000f5580000, 0x00000000fa980000, 0x0000000100000000)
  eden space 57344K, 0% used [0x00000000f5580000,0x00000000f5580000,0x00000000f8d80000)
  from space 13312K, 85% used [0x00000000f9c80000,0x00000000fa794388,0x00000000fa980000)
  to   space 14336K, 0% used [0x00000000f8d80000,0x00000000f8d80000,0x00000000f9b80000)
 ParOldGen       total 85504K, used 20380K [0x00000000e0000000, 0x00000000e5380000, 0x00000000f5580000)
  object space 85504K, 23% used [0x00000000e0000000,0x00000000e13e7068,0x00000000e5380000)
 Metaspace       used 51215K, capacity 52374K, committed 52696K, reserved 1095680K
  class space    used 6813K, capacity 7116K, committed 7168K, reserved 1048576K
}
Event: 46.274 GC heap before
{Heap before GC invocations=13 (full 2):
 PSYoungGen      total 70656K, used 68688K [0x00000000f5580000, 0x00000000fa980000, 0x0000000100000000)
  eden space 57344K, 100% used [0x00000000f5580000,0x00000000f8d80000,0x00000000f8d80000)
  from space 13312K, 85% used [0x00000000f9c80000,0x00000000fa794388,0x00000000fa980000)
  to   space 14336K, 0% used [0x00000000f8d80000,0x00000000f8d80000,0x00000000f9b80000)
 ParOldGen       total 85504K, used 20380K [0x00000000e0000000, 0x00000000e5380000, 0x00000000f5580000)
  object space 85504K, 23% used [0x00000000e0000000,0x00000000e13e7068,0x00000000e5380000)
 Metaspace       used 55945K, capacity 57336K, committed 57560K, reserved 1099776K
  class space    used 7508K, capacity 7855K, committed 7936K, reserved 1048576K
Event: 46.282 GC heap after
Heap after GC invocations=13 (full 2):
 PSYoungGen      total 70656K, used 14328K [0x00000000f5580000, 0x00000000fac80000, 0x0000000100000000)
  eden space 56320K, 0% used [0x00000000f5580000,0x00000000f5580000,0x00000000f8c80000)
  from space 14336K, 99% used [0x00000000f8d80000,0x00000000f9b7e060,0x00000000f9b80000)
  to   space 16384K, 0% used [0x00000000f9c80000,0x00000000f9c80000,0x00000000fac80000)
 ParOldGen       total 85504K, used 21837K [0x00000000e0000000, 0x00000000e5380000, 0x00000000f5580000)
  object space 85504K, 25% used [0x00000000e0000000,0x00000000e1553738,0x00000000e5380000)
 Metaspace       used 55945K, capacity 57336K, committed 57560K, reserved 1099776K
  class space    used 7508K, capacity 7855K, committed 7936K, reserved 1048576K
}
Event: 47.199 GC heap before
{Heap before GC invocations=14 (full 2):
 PSYoungGen      total 70656K, used 37528K [0x00000000f5580000, 0x00000000fac80000, 0x0000000100000000)
  eden space 56320K, 41% used [0x00000000f5580000,0x00000000f6c28358,0x00000000f8c80000)
  from space 14336K, 99% used [0x00000000f8d80000,0x00000000f9b7e060,0x00000000f9b80000)
  to   space 16384K, 0% used [0x00000000f9c80000,0x00000000f9c80000,0x00000000fac80000)
 ParOldGen       total 85504K, used 21837K [0x00000000e0000000, 0x00000000e5380000, 0x00000000f5580000)
  object space 85504K, 25% used [0x00000000e0000000,0x00000000e1553738,0x00000000e5380000)
 Metaspace       used 57259K, capacity 58916K, committed 58968K, reserved 1099776K
  class space    used 7673K, capacity 8057K, committed 8064K, reserved 1048576K
Event: 47.208 GC heap after
Heap after GC invocations=14 (full 2):
 PSYoungGen      total 71680K, used 15370K [0x00000000f5580000, 0x00000000fad80000, 0x0000000100000000)
  eden space 55296K, 0% used [0x00000000f5580000,0x00000000f5580000,0x00000000f8b80000)
  from space 16384K, 93% used [0x00000000f9c80000,0x00000000fab82be0,0x00000000fac80000)
  to   space 17408K, 0% used [0x00000000f8b80000,0x00000000f8b80000,0x00000000f9c80000)
 ParOldGen       total 85504K, used 21845K [0x00000000e0000000, 0x00000000e5380000, 0x00000000f5580000)
  object space 85504K, 25% used [0x00000000e0000000,0x00000000e1555738,0x00000000e5380000)
 Metaspace       used 57259K, capacity 58916K, committed 58968K, reserved 1099776K
  class space    used 7673K, capacity 8057K, committed 8064K, reserved 1048576K
}
Event: 47.208 GC heap before
{Heap before GC invocations=15 (full 3):
 PSYoungGen      total 71680K, used 15370K [0x00000000f5580000, 0x00000000fad80000, 0x0000000100000000)
  eden space 55296K, 0% used [0x00000000f5580000,0x00000000f5580000,0x00000000f8b80000)
  from space 16384K, 93% used [0x00000000f9c80000,0x00000000fab82be0,0x00000000fac80000)
  to   space 17408K, 0% used [0x00000000f8b80000,0x00000000f8b80000,0x00000000f9c80000)
 ParOldGen       total 85504K, used 21845K [0x00000000e0000000, 0x00000000e5380000, 0x00000000f5580000)
  object space 85504K, 25% used [0x00000000e0000000,0x00000000e1555738,0x00000000e5380000)
 Metaspace       used 57259K, capacity 58916K, committed 58968K, reserved 1099776K
  class space    used 7673K, capacity 8057K, committed 8064K, reserved 1048576K
Event: 47.367 GC heap after
Heap after GC invocations=15 (full 3):
 PSYoungGen      total 71680K, used 0K [0x00000000f5580000, 0x00000000fad80000, 0x0000000100000000)
  eden space 55296K, 0% used [0x00000000f5580000,0x00000000f5580000,0x00000000f8b80000)
  from space 16384K, 0% used [0x00000000f9c80000,0x00000000f9c80000,0x00000000fac80000)
  to   space 17408K, 0% used [0x00000000f8b80000,0x00000000f8b80000,0x00000000f9c80000)
 ParOldGen       total 96768K, used 32555K [0x00000000e0000000, 0x00000000e5e80000, 0x00000000f5580000)
  object space 96768K, 33% used [0x00000000e0000000,0x00000000e1fcad08,0x00000000e5e80000)
 Metaspace       used 57259K, capacity 58916K, committed 58968K, reserved 1099776K
  class space    used 7673K, capacity 8057K, committed 8064K, reserved 1048576K
}
Event: 49.446 GC heap before
{Heap before GC invocations=16 (full 3):
 PSYoungGen      total 71680K, used 55296K [0x00000000f5580000, 0x00000000fad80000, 0x0000000100000000)
  eden space 55296K, 100% used [0x00000000f5580000,0x00000000f8b80000,0x00000000f8b80000)
  from space 16384K, 0% used [0x00000000f9c80000,0x00000000f9c80000,0x00000000fac80000)
  to   space 17408K, 0% used [0x00000000f8b80000,0x00000000f8b80000,0x00000000f9c80000)
 ParOldGen       total 96768K, used 32555K [0x00000000e0000000, 0x00000000e5e80000, 0x00000000f5580000)
  object space 96768K, 33% used [0x00000000e0000000,0x00000000e1fcad08,0x00000000e5e80000)
 Metaspace       used 59032K, capacity 60886K, committed 61016K, reserved 1101824K
  class space    used 7885K, capacity 8281K, committed 8320K, reserved 1048576K
Event: 49.451 GC heap after
Heap after GC invocations=16 (full 3):
 PSYoungGen      total 61952K, used 7206K [0x00000000f5580000, 0x00000000fac80000, 0x0000000100000000)
  eden space 54272K, 0% used [0x00000000f5580000,0x00000000f5580000,0x00000000f8a80000)
  from space 7680K, 93% used [0x00000000f8b80000,0x00000000f9289918,0x00000000f9300000)
  to   space 17408K, 0% used [0x00000000f9b80000,0x00000000f9b80000,0x00000000fac80000)
 ParOldGen       total 96768K, used 32563K [0x00000000e0000000, 0x00000000e5e80000, 0x00000000f5580000)
  object space 96768K, 33% used [0x00000000e0000000,0x00000000e1fccd08,0x00000000e5e80000)
 Metaspace       used 59032K, capacity 60886K, committed 61016K, reserved 1101824K
  class space    used 7885K, capacity 8281K, committed 8320K, reserved 1048576K
}

